<component name="libraryTable">
  <library name="junit-platform-commons-6.0.0-M2">
    <CLASSES>
      <root url="jar://$PROJECT_DIR$/lib/junit-platform-commons-6.0.0-M2.jar!/" />
    </CLASSES>
    <JAVADOC />
    <SOURCES />
  </library>
</component>